Traceback (most recent call last):
  File "/Users/ralfkellner/Library/Mobile Documents/com~apple~CloudDocs/Kurse/DLTA/.venv/lib/python3.11/site-packages/jupyter_cache/executors/utils.py", line 58, in single_nb_execution
    executenb(
  File "/Users/ralfkellner/Library/Mobile Documents/com~apple~CloudDocs/Kurse/DLTA/.venv/lib/python3.11/site-packages/nbclient/client.py", line 1305, in execute
    return NotebookClient(nb=nb, resources=resources, km=km, **kwargs).execute()
           ^^^^^^^^^^^^^^^^^^^^^^^^^^^^^^^^^^^^^^^^^^^^^^^^^^^^^^^^^^^^^^^^^^^^^
  File "/Users/ralfkellner/Library/Mobile Documents/com~apple~CloudDocs/Kurse/DLTA/.venv/lib/python3.11/site-packages/jupyter_core/utils/__init__.py", line 168, in wrapped
    return loop.run_until_complete(inner)
           ^^^^^^^^^^^^^^^^^^^^^^^^^^^^^^
  File "/Library/Frameworks/Python.framework/Versions/3.11/lib/python3.11/asyncio/base_events.py", line 653, in run_until_complete
    return future.result()
           ^^^^^^^^^^^^^^^
  File "/Users/ralfkellner/Library/Mobile Documents/com~apple~CloudDocs/Kurse/DLTA/.venv/lib/python3.11/site-packages/nbclient/client.py", line 705, in async_execute
    await self.async_execute_cell(
  File "/Users/ralfkellner/Library/Mobile Documents/com~apple~CloudDocs/Kurse/DLTA/.venv/lib/python3.11/site-packages/nbclient/client.py", line 1058, in async_execute_cell
    await self._check_raise_for_error(cell, cell_index, exec_reply)
  File "/Users/ralfkellner/Library/Mobile Documents/com~apple~CloudDocs/Kurse/DLTA/.venv/lib/python3.11/site-packages/nbclient/client.py", line 914, in _check_raise_for_error
    raise CellExecutionError.from_cell_and_msg(cell, exec_reply_content)
nbclient.exceptions.CellExecutionError: An error occurred while executing the following cell:
------------------
from sklearn.metrics.pairwise import euclidean_distances, cosine_distances

document_term_matrix = bow_wo_stopwords

pairwise_euclidean_distances = pd.DataFrame(euclidean_distances(document_term_matrix, document_term_matrix))
pairwise_cosine_distances = pd.DataFrame(cosine_distances(document_term_matrix, document_term_matrix))

apple_distances = apple_filings.loc[:, ["filingDate"]]
apple_distances.loc[:, "euclidean_distance"] = np.nan
apple_distances.loc[:, "cosine_distances"] = np.nan

for i in range(1, len(pairwise_euclidean_distances)):
    apple_distances.loc[i, "euclidean_distance"] =  pairwise_euclidean_distances.loc[i, i-1]
    apple_distances.loc[i, "cosine_distances"] = pairwise_cosine_distances.loc[i, i-1]

apple_distances
------------------


[0;31m---------------------------------------------------------------------------[0m
[0;31mNameError[0m                                 Traceback (most recent call last)
Cell [0;32mIn[8], line 9[0m
[1;32m      6[0m pairwise_cosine_distances [38;5;241m=[39m pd[38;5;241m.[39mDataFrame(cosine_distances(document_term_matrix, document_term_matrix))
[1;32m      8[0m apple_distances [38;5;241m=[39m apple_filings[38;5;241m.[39mloc[:, [[38;5;124m"[39m[38;5;124mfilingDate[39m[38;5;124m"[39m]]
[0;32m----> 9[0m apple_distances[38;5;241m.[39mloc[:, [38;5;124m"[39m[38;5;124meuclidean_distance[39m[38;5;124m"[39m] [38;5;241m=[39m [43mnp[49m[38;5;241m.[39mnan
[1;32m     10[0m apple_distances[38;5;241m.[39mloc[:, [38;5;124m"[39m[38;5;124mcosine_distances[39m[38;5;124m"[39m] [38;5;241m=[39m np[38;5;241m.[39mnan
[1;32m     12[0m [38;5;28;01mfor[39;00m i [38;5;129;01min[39;00m [38;5;28mrange[39m([38;5;241m1[39m, [38;5;28mlen[39m(pairwise_euclidean_distances)):

[0;31mNameError[0m: name 'np' is not defined

