Traceback (most recent call last):
  File "/Users/ralfkellner/Library/Mobile Documents/com~apple~CloudDocs/Kurse/DLTA/.venv/lib/python3.11/site-packages/jupyter_cache/executors/utils.py", line 58, in single_nb_execution
    executenb(
  File "/Users/ralfkellner/Library/Mobile Documents/com~apple~CloudDocs/Kurse/DLTA/.venv/lib/python3.11/site-packages/nbclient/client.py", line 1305, in execute
    return NotebookClient(nb=nb, resources=resources, km=km, **kwargs).execute()
           ^^^^^^^^^^^^^^^^^^^^^^^^^^^^^^^^^^^^^^^^^^^^^^^^^^^^^^^^^^^^^^^^^^^^^
  File "/Users/ralfkellner/Library/Mobile Documents/com~apple~CloudDocs/Kurse/DLTA/.venv/lib/python3.11/site-packages/jupyter_core/utils/__init__.py", line 168, in wrapped
    return loop.run_until_complete(inner)
           ^^^^^^^^^^^^^^^^^^^^^^^^^^^^^^
  File "/Library/Frameworks/Python.framework/Versions/3.11/lib/python3.11/asyncio/base_events.py", line 653, in run_until_complete
    return future.result()
           ^^^^^^^^^^^^^^^
  File "/Users/ralfkellner/Library/Mobile Documents/com~apple~CloudDocs/Kurse/DLTA/.venv/lib/python3.11/site-packages/nbclient/client.py", line 705, in async_execute
    await self.async_execute_cell(
  File "/Users/ralfkellner/Library/Mobile Documents/com~apple~CloudDocs/Kurse/DLTA/.venv/lib/python3.11/site-packages/nbclient/client.py", line 1058, in async_execute_cell
    await self._check_raise_for_error(cell, cell_index, exec_reply)
  File "/Users/ralfkellner/Library/Mobile Documents/com~apple~CloudDocs/Kurse/DLTA/.venv/lib/python3.11/site-packages/nbclient/client.py", line 914, in _check_raise_for_error
    raise CellExecutionError.from_cell_and_msg(cell, exec_reply_content)
nbclient.exceptions.CellExecutionError: An error occurred while executing the following cell:
------------------
# define a CBOW neural network
w2v_cbow = tf.keras.Sequential([
    tf.keras.layers.Embedding(input_dim = d, output_dim = p, input_length = 2 * k, name = "context_vectors"),
    tf.keras.layers.GlobalAveragePooling1D(name = "average_pooling"),
    tf.keras.layers.Dense(d, activation = "softmax", use_bias = False, name = "center_vectors")
])

# compile and train the model
w2v_cbow.compile(optimizer = tf.keras.optimizers.legacy.Adam(learning_rate = 0.01), loss = "categorical_crossentropy", metrics = "accuracy")
training = w2v_cbow.fit(X, y_one_hot, epochs = 350, callbacks = tf.keras.callbacks.EarlyStopping(patience = 4, monitor="loss"), verbose = 0)

# visualize the training loss  
plt.plot(training.history['loss'])
plt.title("Training loss")
plt.show()
------------------


[0;31m---------------------------------------------------------------------------[0m
[0;31mNameError[0m                                 Traceback (most recent call last)
Cell [0;32mIn[18], line 13[0m
[1;32m     10[0m training [38;5;241m=[39m w2v_cbow[38;5;241m.[39mfit(X, y_one_hot, epochs [38;5;241m=[39m [38;5;241m350[39m, callbacks [38;5;241m=[39m tf[38;5;241m.[39mkeras[38;5;241m.[39mcallbacks[38;5;241m.[39mEarlyStopping(patience [38;5;241m=[39m [38;5;241m4[39m, monitor[38;5;241m=[39m[38;5;124m"[39m[38;5;124mloss[39m[38;5;124m"[39m), verbose [38;5;241m=[39m [38;5;241m0[39m)
[1;32m     12[0m [38;5;66;03m# visualize the training loss  [39;00m
[0;32m---> 13[0m [43mplt[49m[38;5;241m.[39mplot(training[38;5;241m.[39mhistory[[38;5;124m'[39m[38;5;124mloss[39m[38;5;124m'[39m])
[1;32m     14[0m plt[38;5;241m.[39mtitle([38;5;124m"[39m[38;5;124mTraining loss[39m[38;5;124m"[39m)
[1;32m     15[0m plt[38;5;241m.[39mshow()

[0;31mNameError[0m: name 'plt' is not defined

